<?xml version="1.0" encoding="UTF-8"?>
<testsuite xmlns:xsi="http://www.w3.org/2001/XMLSchema-instance" xsi:noNamespaceSchemaLocation="https://maven.apache.org/surefire/maven-surefire-plugin/xsd/surefire-test-report.xsd" name="com.ldj.demo.TestMybatis" time="8.994" tests="6" errors="0" skipped="0" failures="0">
  <properties>
    <property name="sun.desktop" value="windows"/>
    <property name="awt.toolkit" value="sun.awt.windows.WToolkit"/>
    <property name="file.encoding.pkg" value="sun.io"/>
    <property name="java.specification.version" value="1.8"/>
    <property name="sun.cpu.isalist" value="amd64"/>
    <property name="sun.jnu.encoding" value="GBK"/>
    <property name="java.class.path" value="D:\ideaWork\demo\demo-back-end\demo\target\test-classes;D:\ideaWork\demo\demo-back-end\demo\target\classes;D:\Software_ldj\J2EE\repository\org\springframework\spring-webmvc\5.1.3.RELEASE\spring-webmvc-5.1.3.RELEASE.jar;D:\Software_ldj\J2EE\repository\org\springframework\spring-aop\5.1.3.RELEASE\spring-aop-5.1.3.RELEASE.jar;D:\Software_ldj\J2EE\repository\org\springframework\spring-beans\5.1.3.RELEASE\spring-beans-5.1.3.RELEASE.jar;D:\Software_ldj\J2EE\repository\org\springframework\spring-context\5.1.3.RELEASE\spring-context-5.1.3.RELEASE.jar;D:\Software_ldj\J2EE\repository\org\springframework\spring-core\5.1.3.RELEASE\spring-core-5.1.3.RELEASE.jar;D:\Software_ldj\J2EE\repository\org\springframework\spring-jcl\5.1.3.RELEASE\spring-jcl-5.1.3.RELEASE.jar;D:\Software_ldj\J2EE\repository\org\springframework\spring-expression\5.1.3.RELEASE\spring-expression-5.1.3.RELEASE.jar;D:\Software_ldj\J2EE\repository\org\springframework\spring-web\5.1.3.RELEASE\spring-web-5.1.3.RELEASE.jar;D:\Software_ldj\J2EE\repository\org\springframework\spring-jdbc\5.1.4.RELEASE\spring-jdbc-5.1.4.RELEASE.jar;D:\Software_ldj\J2EE\repository\org\springframework\spring-tx\5.1.4.RELEASE\spring-tx-5.1.4.RELEASE.jar;D:\Software_ldj\J2EE\repository\aopalliance\aopalliance\1.0\aopalliance-1.0.jar;D:\Software_ldj\J2EE\repository\org\aspectj\aspectjweaver\1.9.2\aspectjweaver-1.9.2.jar;D:\Software_ldj\J2EE\repository\tk\mybatis\mapper\3.3.9\mapper-3.3.9.jar;D:\Software_ldj\J2EE\repository\javax\persistence\persistence-api\1.0\persistence-api-1.0.jar;D:\Software_ldj\J2EE\repository\org\mybatis\mybatis\3.4.6\mybatis-3.4.6.jar;D:\Software_ldj\J2EE\repository\com\github\pagehelper\pagehelper\5.1.2\pagehelper-5.1.2.jar;D:\Software_ldj\J2EE\repository\com\github\jsqlparser\jsqlparser\1.0\jsqlparser-1.0.jar;D:\Software_ldj\J2EE\repository\org\mybatis\mybatis-spring\1.3.2\mybatis-spring-1.3.2.jar;D:\Software_ldj\J2EE\repository\mysql\mysql-connector-java\8.0.11\mysql-connector-java-8.0.11.jar;D:\Software_ldj\J2EE\repository\com\google\protobuf\protobuf-java\2.6.0\protobuf-java-2.6.0.jar;D:\Software_ldj\J2EE\repository\com\alibaba\druid\1.1.10\druid-1.1.10.jar;D:\Software_ldj\J2EE\repository\com\fasterxml\jackson\core\jackson-databind\2.9.8\jackson-databind-2.9.8.jar;D:\Software_ldj\J2EE\repository\com\fasterxml\jackson\core\jackson-annotations\2.9.0\jackson-annotations-2.9.0.jar;D:\Software_ldj\J2EE\repository\com\fasterxml\jackson\core\jackson-core\2.9.8\jackson-core-2.9.8.jar;D:\Software_ldj\J2EE\repository\javax\servlet\servlet-api\2.5\servlet-api-2.5.jar;D:\Software_ldj\J2EE\repository\javax\servlet\jstl\1.2\jstl-1.2.jar;D:\Software_ldj\J2EE\repository\taglibs\standard\1.1.2\standard-1.1.2.jar;D:\Software_ldj\J2EE\repository\org\springframework\spring-test\4.3.18.RELEASE\spring-test-4.3.18.RELEASE.jar;D:\Software_ldj\J2EE\repository\junit\junit\4.12\junit-4.12.jar;D:\Software_ldj\J2EE\repository\org\hamcrest\hamcrest-core\1.3\hamcrest-core-1.3.jar;D:\Software_ldj\J2EE\repository\com\auth0\java-jwt\2.2.0\java-jwt-2.2.0.jar;D:\Software_ldj\J2EE\repository\commons-io\commons-io\1.3.2\commons-io-1.3.2.jar;D:\Software_ldj\J2EE\repository\commons-codec\commons-codec\1.10\commons-codec-1.10.jar;D:\Software_ldj\J2EE\repository\com\alibaba\fastjson\1.2.31\fastjson-1.2.31.jar;D:\Software_ldj\J2EE\repository\javax\mail\mail\1.4.4\mail-1.4.4.jar;D:\Software_ldj\J2EE\repository\javax\activation\activation\1.1\activation-1.1.jar;D:\Software_ldj\J2EE\repository\org\springframework\spring-context-support\3.2.17.RELEASE\spring-context-support-3.2.17.RELEASE.jar;D:\Software_ldj\J2EE\repository\org\springframework\spring-websocket\5.1.6.RELEASE\spring-websocket-5.1.6.RELEASE.jar;D:\Software_ldj\J2EE\repository\org\springframework\spring-messaging\5.1.5.RELEASE\spring-messaging-5.1.5.RELEASE.jar;D:\Software_ldj\J2EE\repository\javax\websocket\javax.websocket-api\1.0\javax.websocket-api-1.0.jar;D:\Software_ldj\J2EE\repository\log4j\log4j\1.2.17\log4j-1.2.17.jar;D:\Software_ldj\J2EE\repository\org\slf4j\slf4j-api\1.7.25\slf4j-api-1.7.25.jar;"/>
    <property name="java.vm.vendor" value="Oracle Corporation"/>
    <property name="sun.arch.data.model" value="64"/>
    <property name="user.variant" value=""/>
    <property name="java.vendor.url" value="http://java.oracle.com/"/>
    <property name="user.timezone" value="Asia/Shanghai"/>
    <property name="java.vm.specification.version" value="1.8"/>
    <property name="os.name" value="Windows 10"/>
    <property name="user.country" value="CN"/>
    <property name="sun.java.launcher" value="SUN_STANDARD"/>
    <property name="sun.boot.library.path" value="D:\Software_ldj\java\jdk1.8.0_91\jre\bin"/>
    <property name="sun.java.command" value="C:\Users\ldj\AppData\Local\Temp\surefire4807416807162163680\surefirebooter4246388449427821169.jar C:\Users\ldj\AppData\Local\Temp\surefire4807416807162163680 2019-05-07T10-22-28_617-jvmRun1 surefire2229142492188752624tmp surefire_04758469350269876388tmp"/>
    <property name="surefire.test.class.path" value="D:\ideaWork\demo\demo-back-end\demo\target\test-classes;D:\ideaWork\demo\demo-back-end\demo\target\classes;D:\Software_ldj\J2EE\repository\org\springframework\spring-webmvc\5.1.3.RELEASE\spring-webmvc-5.1.3.RELEASE.jar;D:\Software_ldj\J2EE\repository\org\springframework\spring-aop\5.1.3.RELEASE\spring-aop-5.1.3.RELEASE.jar;D:\Software_ldj\J2EE\repository\org\springframework\spring-beans\5.1.3.RELEASE\spring-beans-5.1.3.RELEASE.jar;D:\Software_ldj\J2EE\repository\org\springframework\spring-context\5.1.3.RELEASE\spring-context-5.1.3.RELEASE.jar;D:\Software_ldj\J2EE\repository\org\springframework\spring-core\5.1.3.RELEASE\spring-core-5.1.3.RELEASE.jar;D:\Software_ldj\J2EE\repository\org\springframework\spring-jcl\5.1.3.RELEASE\spring-jcl-5.1.3.RELEASE.jar;D:\Software_ldj\J2EE\repository\org\springframework\spring-expression\5.1.3.RELEASE\spring-expression-5.1.3.RELEASE.jar;D:\Software_ldj\J2EE\repository\org\springframework\spring-web\5.1.3.RELEASE\spring-web-5.1.3.RELEASE.jar;D:\Software_ldj\J2EE\repository\org\springframework\spring-jdbc\5.1.4.RELEASE\spring-jdbc-5.1.4.RELEASE.jar;D:\Software_ldj\J2EE\repository\org\springframework\spring-tx\5.1.4.RELEASE\spring-tx-5.1.4.RELEASE.jar;D:\Software_ldj\J2EE\repository\aopalliance\aopalliance\1.0\aopalliance-1.0.jar;D:\Software_ldj\J2EE\repository\org\aspectj\aspectjweaver\1.9.2\aspectjweaver-1.9.2.jar;D:\Software_ldj\J2EE\repository\tk\mybatis\mapper\3.3.9\mapper-3.3.9.jar;D:\Software_ldj\J2EE\repository\javax\persistence\persistence-api\1.0\persistence-api-1.0.jar;D:\Software_ldj\J2EE\repository\org\mybatis\mybatis\3.4.6\mybatis-3.4.6.jar;D:\Software_ldj\J2EE\repository\com\github\pagehelper\pagehelper\5.1.2\pagehelper-5.1.2.jar;D:\Software_ldj\J2EE\repository\com\github\jsqlparser\jsqlparser\1.0\jsqlparser-1.0.jar;D:\Software_ldj\J2EE\repository\org\mybatis\mybatis-spring\1.3.2\mybatis-spring-1.3.2.jar;D:\Software_ldj\J2EE\repository\mysql\mysql-connector-java\8.0.11\mysql-connector-java-8.0.11.jar;D:\Software_ldj\J2EE\repository\com\google\protobuf\protobuf-java\2.6.0\protobuf-java-2.6.0.jar;D:\Software_ldj\J2EE\repository\com\alibaba\druid\1.1.10\druid-1.1.10.jar;D:\Software_ldj\J2EE\repository\com\fasterxml\jackson\core\jackson-databind\2.9.8\jackson-databind-2.9.8.jar;D:\Software_ldj\J2EE\repository\com\fasterxml\jackson\core\jackson-annotations\2.9.0\jackson-annotations-2.9.0.jar;D:\Software_ldj\J2EE\repository\com\fasterxml\jackson\core\jackson-core\2.9.8\jackson-core-2.9.8.jar;D:\Software_ldj\J2EE\repository\javax\servlet\servlet-api\2.5\servlet-api-2.5.jar;D:\Software_ldj\J2EE\repository\javax\servlet\jstl\1.2\jstl-1.2.jar;D:\Software_ldj\J2EE\repository\taglibs\standard\1.1.2\standard-1.1.2.jar;D:\Software_ldj\J2EE\repository\org\springframework\spring-test\4.3.18.RELEASE\spring-test-4.3.18.RELEASE.jar;D:\Software_ldj\J2EE\repository\junit\junit\4.12\junit-4.12.jar;D:\Software_ldj\J2EE\repository\org\hamcrest\hamcrest-core\1.3\hamcrest-core-1.3.jar;D:\Software_ldj\J2EE\repository\com\auth0\java-jwt\2.2.0\java-jwt-2.2.0.jar;D:\Software_ldj\J2EE\repository\commons-io\commons-io\1.3.2\commons-io-1.3.2.jar;D:\Software_ldj\J2EE\repository\commons-codec\commons-codec\1.10\commons-codec-1.10.jar;D:\Software_ldj\J2EE\repository\com\alibaba\fastjson\1.2.31\fastjson-1.2.31.jar;D:\Software_ldj\J2EE\repository\javax\mail\mail\1.4.4\mail-1.4.4.jar;D:\Software_ldj\J2EE\repository\javax\activation\activation\1.1\activation-1.1.jar;D:\Software_ldj\J2EE\repository\org\springframework\spring-context-support\3.2.17.RELEASE\spring-context-support-3.2.17.RELEASE.jar;D:\Software_ldj\J2EE\repository\org\springframework\spring-websocket\5.1.6.RELEASE\spring-websocket-5.1.6.RELEASE.jar;D:\Software_ldj\J2EE\repository\org\springframework\spring-messaging\5.1.5.RELEASE\spring-messaging-5.1.5.RELEASE.jar;D:\Software_ldj\J2EE\repository\javax\websocket\javax.websocket-api\1.0\javax.websocket-api-1.0.jar;D:\Software_ldj\J2EE\repository\log4j\log4j\1.2.17\log4j-1.2.17.jar;D:\Software_ldj\J2EE\repository\org\slf4j\slf4j-api\1.7.25\slf4j-api-1.7.25.jar;"/>
    <property name="sun.cpu.endian" value="little"/>
    <property name="user.home" value="C:\Users\ldj"/>
    <property name="user.language" value="zh"/>
    <property name="java.specification.vendor" value="Oracle Corporation"/>
    <property name="java.home" value="D:\Software_ldj\java\jdk1.8.0_91\jre"/>
    <property name="basedir" value="D:\ideaWork\demo\demo-back-end\demo"/>
    <property name="file.separator" value="\"/>
    <property name="line.separator" value="&#10;"/>
    <property name="java.vm.specification.vendor" value="Oracle Corporation"/>
    <property name="java.specification.name" value="Java Platform API Specification"/>
    <property name="java.awt.graphicsenv" value="sun.awt.Win32GraphicsEnvironment"/>
    <property name="surefire.real.class.path" value="C:\Users\ldj\AppData\Local\Temp\surefire4807416807162163680\surefirebooter4246388449427821169.jar"/>
    <property name="sun.boot.class.path" value="D:\Software_ldj\java\jdk1.8.0_91\jre\lib\resources.jar;D:\Software_ldj\java\jdk1.8.0_91\jre\lib\rt.jar;D:\Software_ldj\java\jdk1.8.0_91\jre\lib\sunrsasign.jar;D:\Software_ldj\java\jdk1.8.0_91\jre\lib\jsse.jar;D:\Software_ldj\java\jdk1.8.0_91\jre\lib\jce.jar;D:\Software_ldj\java\jdk1.8.0_91\jre\lib\charsets.jar;D:\Software_ldj\java\jdk1.8.0_91\jre\lib\jfr.jar;D:\Software_ldj\java\jdk1.8.0_91\jre\classes"/>
    <property name="user.script" value=""/>
    <property name="sun.management.compiler" value="HotSpot 64-Bit Tiered Compilers"/>
    <property name="java.runtime.version" value="1.8.0_91-b15"/>
    <property name="user.name" value="ldj"/>
    <property name="path.separator" value=";"/>
    <property name="os.version" value="10.0"/>
    <property name="java.endorsed.dirs" value="D:\Software_ldj\java\jdk1.8.0_91\jre\lib\endorsed"/>
    <property name="java.runtime.name" value="Java(TM) SE Runtime Environment"/>
    <property name="file.encoding" value="GBK"/>
    <property name="java.vm.name" value="Java HotSpot(TM) 64-Bit Server VM"/>
    <property name="localRepository" value="D:\Software_ldj\J2EE\repository"/>
    <property name="java.vendor.url.bug" value="http://bugreport.sun.com/bugreport/"/>
    <property name="java.io.tmpdir" value="C:\Users\ldj\AppData\Local\Temp\"/>
    <property name="java.version" value="1.8.0_91"/>
    <property name="user.dir" value="D:\ideaWork\demo\demo-back-end\demo"/>
    <property name="os.arch" value="amd64"/>
    <property name="java.vm.specification.name" value="Java Virtual Machine Specification"/>
    <property name="java.awt.printerjob" value="sun.awt.windows.WPrinterJob"/>
    <property name="sun.os.patch.level" value=""/>
    <property name="idea.version2019.1" value="true"/>
    <property name="java.library.path" value="D:\Software_ldj\java\jdk1.8.0_91\jre\bin;C:\Windows\Sun\Java\bin;C:\Windows\system32;C:\Windows;C:\Windows\system32;C:\Windows;C:\Windows\System32\Wbem;C:\Windows\System32\WindowsPowerShell\v1.0\;C:\Windows\System32\OpenSSH\;D:\Software_ldj\java\jdk1.8.0_91\bin;D:\Software_ldj\java\jdk1.8.0_91\jre\bin;D:\Software_ldj\J2EE\apache-maven-3.6.0\bin;D:\Software_ldj\J2EE\apache-tomcat-8.5.39\bin;D:\Software_ldj\J2EE\apache-tomcat-8.5.39\lib;D:\Software_ldj\Program Files\Git\cmd;D:\Software_ldj\MySql\mysql-8.0.15-winx64\bin;D:\Software_ldj\Program Files\nodejs;C:\Users\ldj\AppData\Local\Microsoft\WindowsApps;D:\Software_ldj\Program Files\Microsoft VS Code\bin;D:\Software_ldj\Program Files\nodejs\node_global;;."/>
    <property name="java.vm.info" value="mixed mode"/>
    <property name="java.vendor" value="Oracle Corporation"/>
    <property name="java.vm.version" value="25.91-b15"/>
    <property name="java.ext.dirs" value="D:\Software_ldj\java\jdk1.8.0_91\jre\lib\ext;C:\Windows\Sun\Java\lib\ext"/>
    <property name="sun.io.unicode.encoding" value="UnicodeLittle"/>
    <property name="java.class.version" value="52.0"/>
  </properties>
  <testcase name="testMail" classname="com.ldj.demo.TestMybatis" time="6.082"/>
  <testcase name="testTime" classname="com.ldj.demo.TestMybatis" time="0.002"/>
  <testcase name="TestMapsQuery" classname="com.ldj.demo.TestMybatis" time="0.024"/>
  <testcase name="TestInsert" classname="com.ldj.demo.TestMybatis" time="0.653"/>
  <testcase name="Testquery" classname="com.ldj.demo.TestMybatis" time="0.505"/>
  <testcase name="TestMapquery" classname="com.ldj.demo.TestMybatis" time="0.001"/>
</testsuite>